Flutter crash report; please file at https://github.com/flutter/flutter/issues.

## command

flutter --no-color packages get

## exception

YamlException: Error on line 17, column 2: Expected a key while parsing a block mapping.
 share: "^0.4.0"
 ^

```
#0      Parser._parseBlockMappingKey (package:yaml/src/parser.dart:448)
#1      Parser._stateMachine (package:yaml/src/parser.dart:86)
#2      Parser.parse (package:yaml/src/parser.dart:47)
#3      Loader._loadMapping (package:yaml/src/loader.dart:171)
#4      Loader._loadNode (package:yaml/src/loader.dart:86)
#5      Loader._loadDocument (package:yaml/src/loader.dart:62)
#6      Loader.load (package:yaml/src/loader.dart:54)
#7      loadYamlDocument (package:yaml/yaml.dart:51)
#8      loadYamlNode (package:yaml/yaml.dart:42)
#9      loadYaml (package:yaml/yaml.dart:34)
#10     _pluginFromPubspec (package:flutter_tools/src/plugins.dart:52)
#11     _findPlugins.<anonymous closure> (package:flutter_tools/src/plugins.dart:75)
#12     _HashVMBase&MapMixin&&_LinkedHashMapMixin.forEach (dart:collection-patch/dart:collection/compact_hash.dart:361)
#13     _findPlugins (package:flutter_tools/src/plugins.dart:73)
#14     injectPlugins (package:flutter_tools/src/plugins.dart:238)
#15     FlutterProject.ensureReadyForPlatformSpecificTooling (package:flutter_tools/src/project.dart:62)
#16     PackagesGetCommand.runCommand (package:flutter_tools/src/commands/packages.dart:80)
<asynchronous suspension>
#17     FlutterCommand.verifyThenRunCommand (package:flutter_tools/src/runner/flutter_command.dart:290)
<asynchronous suspension>
#18     FlutterCommand.run (package:flutter_tools/src/runner/flutter_command.dart:228)
<asynchronous suspension>
#19     CommandRunner.runCommand (package:args/command_runner.dart:194)
<asynchronous suspension>
#20     FlutterCommandRunner.runCommand (package:flutter_tools/src/runner/flutter_command_runner.dart:286)
<asynchronous suspension>
#21     CommandRunner.run.<anonymous closure> (package:args/command_runner.dart:109)
#22     new Future.sync (dart:async/future.dart:222)
#23     CommandRunner.run (package:args/command_runner.dart:109)
#24     FlutterCommandRunner.run (package:flutter_tools/src/runner/flutter_command_runner.dart:166)
#25     run.<anonymous closure> (package:flutter_tools/runner.dart:90)
<asynchronous suspension>
#26     AppContext._run (package:flutter_tools/src/base/context.dart:76)
<asynchronous suspension>
#27     AppContext.runInZone.<anonymous closure> (package:flutter_tools/src/base/context.dart:66)
#28     _rootRun (dart:async/zone.dart:1126)
#29     _CustomZone.run (dart:async/zone.dart:1023)
#30     runZoned (dart:async/zone.dart:1501)
#31     AppContext.runInZone (package:flutter_tools/src/base/context.dart:65)
#32     run (package:flutter_tools/runner.dart:61)
<asynchronous suspension>
#33     main (package:flutter_tools/executable.dart:48)
<asynchronous suspension>
#34     main (file:///C:/Users/Max02man/git/flutter/packages/flutter_tools/bin/flutter_tools.dart:16)
#35     _startIsolate.<anonymous closure> (dart:isolate-patch/dart:isolate/isolate_patch.dart:277)
#36     _RawReceivePortImpl._handleMessage (dart:isolate-patch/dart:isolate/isolate_patch.dart:165)
```

## flutter doctor

```
[✓] Flutter (Channel beta, v0.1.5, on Microsoft Windows [Version 10.0.16299.309], locale en-US)
    • Flutter version 0.1.5 at C:\Users\Max02man\git\flutter
    • Framework revision 3ea4d06340 (5 weeks ago), 2018-02-22 11:12:39 -0800
    • Engine revision ead227f118
    • Dart version 2.0.0-dev.28.0.flutter-0b4f01f759

[✓] Android toolchain - develop for Android devices (Android SDK 27.0.3)
    • Android SDK at C:\Users\Max02man\AppData\Local\Android\sdk
    • Android NDK location not configured (optional; useful for native profiling support)
    • Platform android-27, build-tools 27.0.3
    • Java binary at: C:\Program Files\Android\Android Studio\jre\bin\java
    • Java version OpenJDK Runtime Environment (build 1.8.0_152-release-915-b01)

[✓] Android Studio (version 3.0)
    • Android Studio at C:\Program Files\Android\Android Studio
    • Java version OpenJDK Runtime Environment (build 1.8.0_152-release-915-b01)

[✓] IntelliJ IDEA Community Edition (version 2017.3)
    • Flutter plugin version 22.2.2
    • Dart plugin version 173.4700

[✓] Connected devices (1 available)
    • ONEPLUS A3000 • c0ca4483 • android-arm64 • Android 8.0.0 (API 26)

• No issues found!
```
